{"/Volumes/APFS Space/GitHub/GitUp/packages/extension/src/utils/nonce.ts": {"path":"/Volumes/APFS Space/GitHub/GitUp/packages/extension/src/utils/nonce.ts","statementMap":{"0":{"start":{"line":2,"column":13},"end":{"line":2,"column":null}},"1":{"start":{"line":3,"column":19},"end":{"line":3,"column":null}},"2":{"start":{"line":4,"column":2},"end":{"line":6,"column":null}},"3":{"start":{"line":4,"column":15},"end":{"line":4,"column":18}},"4":{"start":{"line":5,"column":4},"end":{"line":5,"column":null}},"5":{"start":{"line":7,"column":2},"end":{"line":7,"column":null}}},"fnMap":{"0":{"name":"GetNonce","decl":{"start":{"line":1,"column":16},"end":{"line":1,"column":27}},"loc":{"start":{"line":1,"column":27},"end":{"line":8,"column":null}},"line":1}},"branchMap":{},"s":{"0":1,"1":1,"2":1,"3":1,"4":32,"5":1},"f":{"0":1},"b":{},"meta":{"lastBranch":0,"lastFunction":1,"lastStatement":6,"seen":{"f:1:16:1:27":0,"s:2:13:2:Infinity":0,"s:3:19:3:Infinity":1,"s:4:2:6:Infinity":2,"s:4:15:4:18":3,"s:5:4:5:Infinity":4,"s:7:2:7:Infinity":5}}}
}
